<?xml version="1.0" encoding="UTF-8"?>
<!-- Generated by org.testng.reporters.JUnitXMLReporter -->
<testsuite ignored="4" hostname="Bharadwaj-B6DD2G2" failures="2" tests="2" name="emulator" time="14.858" errors="0" timestamp="2024-05-18T19:09:46 IST">
  <testcase classname="com.tests.Siddhi" name="tc01_Login_AgentCodeAndPassword_ValidCredentials" time="11.211">
    <failure type="org.openqa.selenium.SessionNotCreatedException" message="Could not start a new session. Response code 500. Message: A new session could not be created. Details: io.appium.uiautomator2.common.exceptions.UiAutomator2Exception: Cannot invoke method android.app.UiAutomation androidx.test.uiautomator.UiDevice.getUiAutomation() on object androidx.test.uiautomator.UiDevice@281c4e9 with parameters [] 
Host info: host: &amp;apos;BHARADWAJ-B6DD2&amp;apos;, ip: &amp;apos;192.168.56.1&amp;apos;
Build info: version: &amp;apos;4.12.1&amp;apos;, revision: &amp;apos;8e34639b11&amp;apos;
System info: os.name: &amp;apos;Windows 10&amp;apos;, os.arch: &amp;apos;amd64&amp;apos;, os.version: &amp;apos;10.0&amp;apos;, java.version: &amp;apos;17.0.9&amp;apos;
Driver info: io.appium.java_client.android.AndroidDriver
Command: [null, newSession {capabilities=[{appium:appActivity=com.tataaia.siddhi.MainActivity, appium:appPackage=com.tataaia.siddhi, appium:automationName=Uiautomator2, appium:deviceName=OPPO 6, appium:noReset=false, platformName=ANDROID, appium:platformVersion=11, appium:udid=410f3d53}], desiredCapabilities=Capabilities {appActivity: com.tataaia.siddhi.MainActi..., appPackage: com.tataaia.siddhi, automationName: Uiautomator2, deviceName: OPPO 6, noReset: false, platformName: ANDROID, platformVersion: 11, udid: 410f3d53}}]
Capabilities {appActivity: com.tataaia.siddhi.MainActi..., appPackage: com.tataaia.siddhi, automationName: Uiautomator2, deviceName: OPPO 6, noReset: false, platformName: ANDROID, platformVersion: 11, udid: 410f3d53}">
      <![CDATA[org.openqa.selenium.SessionNotCreatedException: Could not start a new session. Response code 500. Message: A new session could not be created. Details: io.appium.uiautomator2.common.exceptions.UiAutomator2Exception: Cannot invoke method android.app.UiAutomation androidx.test.uiautomator.UiDevice.getUiAutomation() on object androidx.test.uiautomator.UiDevice@281c4e9 with parameters [] 
Host info: host: 'BHARADWAJ-B6DD2', ip: '192.168.56.1'
Build info: version: '4.12.1', revision: '8e34639b11'
System info: os.name: 'Windows 10', os.arch: 'amd64', os.version: '10.0', java.version: '17.0.9'
Driver info: io.appium.java_client.android.AndroidDriver
Command: [null, newSession {capabilities=[{appium:appActivity=com.tataaia.siddhi.MainActivity, appium:appPackage=com.tataaia.siddhi, appium:automationName=Uiautomator2, appium:deviceName=OPPO 6, appium:noReset=false, platformName=ANDROID, appium:platformVersion=11, appium:udid=410f3d53}], desiredCapabilities=Capabilities {appActivity: com.tataaia.siddhi.MainActi..., appPackage: com.tataaia.siddhi, automationName: Uiautomator2, deviceName: OPPO 6, noReset: false, platformName: ANDROID, platformVersion: 11, udid: 410f3d53}}]
Capabilities {appActivity: com.tataaia.siddhi.MainActi..., appPackage: com.tataaia.siddhi, automationName: Uiautomator2, deviceName: OPPO 6, noReset: false, platformName: ANDROID, platformVersion: 11, udid: 410f3d53}
at org.openqa.selenium.remote.ProtocolHandshake.createSession(ProtocolHandshake.java:140)
at io.appium.java_client.remote.AppiumProtocolHandshake.createSession(AppiumProtocolHandshake.java:133)
at io.appium.java_client.remote.AppiumProtocolHandshake.createSession(AppiumProtocolHandshake.java:102)
at io.appium.java_client.remote.AppiumCommandExecutor.createSession(AppiumCommandExecutor.java:182)
at io.appium.java_client.remote.AppiumCommandExecutor.execute(AppiumCommandExecutor.java:250)
at org.openqa.selenium.remote.RemoteWebDriver.execute(RemoteWebDriver.java:602)
at io.appium.java_client.AppiumDriver.startSession(AppiumDriver.java:274)
at org.openqa.selenium.remote.RemoteWebDriver.<init>(RemoteWebDriver.java:163)
at io.appium.java_client.AppiumDriver.<init>(AppiumDriver.java:89)
at io.appium.java_client.AppiumDriver.<init>(AppiumDriver.java:101)
at io.appium.java_client.android.AndroidDriver.<init>(AndroidDriver.java:113)
at com.Driver.DBConnection.initApplication(DBConnection.java:56)
at com.tests.Siddhi.tc01_Login_AgentCodeAndPassword_ValidCredentials(Siddhi.java:22)
at java.base/java.util.ArrayList.forEach(ArrayList.java:1511)
at java.base/java.util.concurrent.FutureTask.run(FutureTask.java:264)
at java.base/java.util.concurrent.ThreadPoolExecutor.runWorker(ThreadPoolExecutor.java:1136)
at java.base/java.util.concurrent.ThreadPoolExecutor$Worker.run(ThreadPoolExecutor.java:635)
at java.base/java.lang.Thread.run(Thread.java:842)
... Removed 22 stack frames]]>
    </failure>
  </testcase> <!-- tc01_Login_AgentCodeAndPassword_ValidCredentials -->
  <testcase classname="com.tests.Siddhi" name="tc01_Login_AgentCodeAndPassword_ValidCredentials" time="14.812">
    <failure type="java.lang.NullPointerException" message="Cannot invoke &amp;quot;org.openqa.selenium.TakesScreenshot.getScreenshotAs(org.openqa.selenium.OutputType)&amp;quot; because &amp;quot;com.ExtentReport.Extentlogger.driver&amp;quot; is null">
      <![CDATA[java.lang.NullPointerException: Cannot invoke "org.openqa.selenium.TakesScreenshot.getScreenshotAs(org.openqa.selenium.OutputType)" because "com.ExtentReport.Extentlogger.driver" is null
at com.ExtentReport.Extentlogger.Base64image(Extentlogger.java:37)
at com.ExtentReport.Extentlogger.fail(Extentlogger.java:120)
at com.listeners.Testinfo.onTestFailure(Testinfo.java:55)
at java.base/java.util.ArrayList.forEach(ArrayList.java:1511)
at java.base/java.util.concurrent.FutureTask.run(FutureTask.java:264)
at java.base/java.util.concurrent.ThreadPoolExecutor.runWorker(ThreadPoolExecutor.java:1136)
at java.base/java.util.concurrent.ThreadPoolExecutor$Worker.run(ThreadPoolExecutor.java:635)
at java.base/java.lang.Thread.run(Thread.java:842)
... Removed 15 stack frames]]>
    </failure>
  </testcase> <!-- tc01_Login_AgentCodeAndPassword_ValidCredentials -->
  <testcase classname="com.tests.Siddhi" name="tc08_SelfServiceTab_UpdateAddressWithDocumentUpload" time="0.0">
    <ignored/>
  </testcase> <!-- tc08_SelfServiceTab_UpdateAddressWithDocumentUpload -->
  <testcase classname="com.tests.Siddhi" name="tc06_HomeScreen_Favourites_AddNewItems" time="0.0">
    <ignored/>
  </testcase> <!-- tc06_HomeScreen_Favourites_AddNewItems -->
  <testcase classname="com.tests.Siddhi" name="tc05_ShareRankingCardViaEmail" time="0.0">
    <ignored/>
  </testcase> <!-- tc05_ShareRankingCardViaEmail -->
  <testcase classname="com.tests.Siddhi" name="tc07_ShareEVisitingCardViaMessages" time="0.0">
    <ignored/>
  </testcase> <!-- tc07_ShareEVisitingCardViaMessages -->
</testsuite> <!-- emulator -->
